0 info it worked if it ends with ok
1 verbose cli [ 'node', '/usr/local/bin/npm', 'install', '-g', 'less' ]
2 info using npm@2.5.1
3 info using node@v0.12.0
4 silly cache add args [ 'less', null ]
5 verbose cache add spec less
6 silly cache add parsed spec { raw: 'less',
6 silly cache add   scope: null,
6 silly cache add   name: 'less',
6 silly cache add   rawSpec: '',
6 silly cache add   spec: '*',
6 silly cache add   type: 'range' }
7 verbose addNamed less@*
8 silly addNamed semver.valid null
9 silly addNamed semver.validRange *
10 silly addNameRange { name: 'less', range: '*', hasData: false }
11 silly mapToRegistry name less
12 silly mapToRegistry using default registry
13 silly mapToRegistry registry https://registry.npmjs.org/
14 silly mapToRegistry uri https://registry.npmjs.org/less
15 verbose addNameRange registry:https://registry.npmjs.org/less not in flight; fetching
16 verbose request uri https://registry.npmjs.org/less
17 verbose request no auth needed
18 info attempt registry request try #1 at 4:05:35 PM
19 verbose request id faf1427b05fa7bf9
20 http request GET https://registry.npmjs.org/less
21 http 200 https://registry.npmjs.org/less
22 silly get cb [ 200,
22 silly get   { server: 'CouchDB/1.5.0 (Erlang OTP/R16B03)',
22 silly get     etag: '"5JCC5KMBYCG9GDUU6K3JCESRB"',
22 silly get     'content-type': 'application/json',
22 silly get     'cache-control': 'max-age=60',
22 silly get     'content-length': '93316',
22 silly get     'accept-ranges': 'bytes',
22 silly get     date: 'Fri, 22 May 2015 22:05:35 GMT',
22 silly get     via: '1.1 varnish',
22 silly get     age: '0',
22 silly get     connection: 'keep-alive',
22 silly get     'x-served-by': 'cache-dfw1823-DFW',
22 silly get     'x-cache': 'HIT',
22 silly get     'x-cache-hits': '1',
22 silly get     'x-timer': 'S1432332335.322392,VS0,VE258',
22 silly get     vary: 'Accept' } ]
23 verbose get saving less to /Users/Dag/.npm/registry.npmjs.org/less/.cache.json
24 silly addNameRange number 2 { name: 'less', range: '*', hasData: true }
25 silly addNameRange versions [ 'less',
25 silly addNameRange   [ '1.0.10',
25 silly addNameRange     '1.0.11',
25 silly addNameRange     '1.0.14',
25 silly addNameRange     '1.0.18',
25 silly addNameRange     '1.0.19',
25 silly addNameRange     '1.0.21',
25 silly addNameRange     '1.0.32',
25 silly addNameRange     '1.0.36',
25 silly addNameRange     '1.0.5',
25 silly addNameRange     '1.0.40',
25 silly addNameRange     '1.0.41',
25 silly addNameRange     '1.0.44',
25 silly addNameRange     '1.1.0',
25 silly addNameRange     '1.1.1',
25 silly addNameRange     '1.1.2',
25 silly addNameRange     '1.1.4',
25 silly addNameRange     '1.1.5',
25 silly addNameRange     '1.1.6',
25 silly addNameRange     '1.2.0',
25 silly addNameRange     '1.2.1',
25 silly addNameRange     '1.2.2',
25 silly addNameRange     '1.3.0',
25 silly addNameRange     '1.3.1',
25 silly addNameRange     '1.3.2',
25 silly addNameRange     '1.3.3',
25 silly addNameRange     '1.4.0-b1',
25 silly addNameRange     '1.4.0-b2',
25 silly addNameRange     '1.4.0-b3',
25 silly addNameRange     '1.4.0-b4',
25 silly addNameRange     '1.4.0',
25 silly addNameRange     '1.4.1',
25 silly addNameRange     '1.4.2',
25 silly addNameRange     '1.5.0-b1',
25 silly addNameRange     '1.5.0-b2',
25 silly addNameRange     '1.5.0-b3',
25 silly addNameRange     '1.5.0-b4',
25 silly addNameRange     '1.5.0',
25 silly addNameRange     '1.5.1',
25 silly addNameRange     '1.6.0',
25 silly addNameRange     '1.6.1',
25 silly addNameRange     '1.6.2',
25 silly addNameRange     '1.6.3',
25 silly addNameRange     '1.7.0',
25 silly addNameRange     '1.7.1',
25 silly addNameRange     '1.7.3',
25 silly addNameRange     '1.7.4',
25 silly addNameRange     '1.7.5',
25 silly addNameRange     '2.0.0-b1',
25 silly addNameRange     '2.0.0-b2',
25 silly addNameRange     '2.0.0-b3',
25 silly addNameRange     '2.0.0',
25 silly addNameRange     '2.1.0',
25 silly addNameRange     '2.1.1',
25 silly addNameRange     '2.1.2',
25 silly addNameRange     '2.2.0',
25 silly addNameRange     '2.3.0',
25 silly addNameRange     '2.3.1',
25 silly addNameRange     '2.4.0',
25 silly addNameRange     '2.5.0',
25 silly addNameRange     '2.5.1' ] ]
26 verbose addNamed less@2.5.1
27 silly addNamed semver.valid 2.5.1
28 silly addNamed semver.validRange 2.5.1
29 silly mapToRegistry name less
30 silly mapToRegistry using default registry
31 silly mapToRegistry registry https://registry.npmjs.org/
32 silly mapToRegistry uri https://registry.npmjs.org/less
33 verbose addRemoteTarball https://registry.npmjs.org/less/-/less-2.5.1.tgz not in flight; adding
34 verbose addRemoteTarball [ 'https://registry.npmjs.org/less/-/less-2.5.1.tgz',
34 verbose addRemoteTarball   '8b489cc01d021e49360fd5ae03581896e722b726' ]
35 info retry fetch attempt 1 at 4:05:35 PM
36 info attempt registry request try #1 at 4:05:35 PM
37 http fetch GET https://registry.npmjs.org/less/-/less-2.5.1.tgz
38 http fetch 200 https://registry.npmjs.org/less/-/less-2.5.1.tgz
39 silly fetchAndShaCheck shasum 8b489cc01d021e49360fd5ae03581896e722b726
40 verbose addTmpTarball /var/folders/f9/l36szcl94sg9ctph7xm8763c0000gn/T/npm-45147-e1177f0c/registry.npmjs.org/less/-/less-2.5.1.tgz not in flight; adding
41 verbose addTmpTarball already have metadata; skipping unpack for less@2.5.1
42 silly cache afterAdd less@2.5.1
43 verbose afterAdd /Users/Dag/.npm/less/2.5.1/package/package.json not in flight; writing
44 verbose afterAdd /Users/Dag/.npm/less/2.5.1/package/package.json written
45 silly install resolved [ { name: 'less',
45 silly install resolved     version: '2.5.1',
45 silly install resolved     description: 'Leaner CSS',
45 silly install resolved     homepage: 'http://lesscss.org',
45 silly install resolved     author: { name: 'Alexis Sellier', email: 'self@cloudhead.net' },
45 silly install resolved     contributors: [ [Object] ],
45 silly install resolved     bugs: { url: 'https://github.com/less/less.js/issues' },
45 silly install resolved     repository: { type: 'git', url: 'https://github.com/less/less.js.git' },
45 silly install resolved     license: 'Apache-2.0',
45 silly install resolved     bin: { lessc: './bin/lessc' },
45 silly install resolved     main: 'index',
45 silly install resolved     directories: { test: './test' },
45 silly install resolved     jam: { main: './dist/less.js' },
45 silly install resolved     browser: './dist/less.js',
45 silly install resolved     engines: { node: '>=0.10.0' },
45 silly install resolved     scripts: { test: 'grunt test' },
45 silly install resolved     optionalDependencies:
45 silly install resolved      { errno: '^0.1.1',
45 silly install resolved        'graceful-fs': '^3.0.5',
45 silly install resolved        'image-size': '~0.3.5',
45 silly install resolved        mime: '^1.2.11',
45 silly install resolved        mkdirp: '^0.5.0',
45 silly install resolved        promise: '^6.0.1',
45 silly install resolved        request: '^2.51.0',
45 silly install resolved        'source-map': '^0.4.2' },
45 silly install resolved     devDependencies:
45 silly install resolved      { diff: '^1.0',
45 silly install resolved        grunt: '^0.4.5',
45 silly install resolved        'grunt-contrib-clean': '^0.6.0',
45 silly install resolved        'grunt-contrib-concat': '^0.5.0',
45 silly install resolved        'grunt-contrib-connect': '^0.9.0',
45 silly install resolved        'grunt-contrib-jasmine': '^0.8.2',
45 silly install resolved        'grunt-contrib-jshint': '^0.11.0',
45 silly install resolved        'grunt-contrib-uglify': '^0.8.0',
45 silly install resolved        'grunt-jscs': '^1.6.0',
45 silly install resolved        'grunt-shell': '^1.1.1',
45 silly install resolved        'grunt-browserify': '~3.5.0',
45 silly install resolved        'jit-grunt': '^0.9.1',
45 silly install resolved        'time-grunt': '^1.0.0',
45 silly install resolved        'grunt-saucelabs': '^8.3.2' },
45 silly install resolved     keywords:
45 silly install resolved      [ 'compile less',
45 silly install resolved        'css nesting',
45 silly install resolved        'css variable',
45 silly install resolved        'css',
45 silly install resolved        'gradients css',
45 silly install resolved        'gradients css3',
45 silly install resolved        'less compiler',
45 silly install resolved        'less css',
45 silly install resolved        'less mixins',
45 silly install resolved        'less',
45 silly install resolved        'less.js',
45 silly install resolved        'lesscss',
45 silly install resolved        'mixins',
45 silly install resolved        'nested css',
45 silly install resolved        'parser',
45 silly install resolved        'preprocessor',
45 silly install resolved        'bootstrap css',
45 silly install resolved        'bootstrap less',
45 silly install resolved        'style',
45 silly install resolved        'styles',
45 silly install resolved        'stylesheet',
45 silly install resolved        'variables in css',
45 silly install resolved        'css less' ],
45 silly install resolved     gitHead: '59c012c16a71eca2fd9f354b8db8fffaa5e14d6d',
45 silly install resolved     dependencies:
45 silly install resolved      { errno: '^0.1.1',
45 silly install resolved        'graceful-fs': '^3.0.5',
45 silly install resolved        'image-size': '~0.3.5',
45 silly install resolved        mime: '^1.2.11',
45 silly install resolved        mkdirp: '^0.5.0',
45 silly install resolved        promise: '^6.0.1',
45 silly install resolved        request: '^2.51.0',
45 silly install resolved        'source-map': '^0.4.2' },
45 silly install resolved     _id: 'less@2.5.1',
45 silly install resolved     _shasum: '8b489cc01d021e49360fd5ae03581896e722b726',
45 silly install resolved     _from: 'less@*',
45 silly install resolved     _npmVersion: '2.7.4',
45 silly install resolved     _nodeVersion: '0.12.2',
45 silly install resolved     _npmUser: { name: 'agatronic', email: 'luke.a.page@gmail.com' },
45 silly install resolved     dist:
45 silly install resolved      { shasum: '8b489cc01d021e49360fd5ae03581896e722b726',
45 silly install resolved        tarball: 'http://registry.npmjs.org/less/-/less-2.5.1.tgz' },
45 silly install resolved     maintainers: [ [Object], [Object] ],
45 silly install resolved     _resolved: 'https://registry.npmjs.org/less/-/less-2.5.1.tgz' } ]
46 info install less@2.5.1 into /usr/local/lib
47 info installOne less@2.5.1
48 verbose installOne of less to /usr/local/lib not in flight; installing
49 warn locking Error: EACCES, open '/Users/Dag/.npm/_locks/less-c2213c903e2e7354.lock'
49 warn locking     at Error (native)
49 warn locking  /Users/Dag/.npm/_locks/less-c2213c903e2e7354.lock failed { [Error: EACCES, open '/Users/Dag/.npm/_locks/less-c2213c903e2e7354.lock']
49 warn locking   errno: -13,
49 warn locking   code: 'EACCES',
49 warn locking   path: '/Users/Dag/.npm/_locks/less-c2213c903e2e7354.lock' }
50 verbose stack Error: Attempt to unlock /usr/local/lib/node_modules/less, which hasn't been locked
50 verbose stack     at unlock (/usr/local/lib/node_modules/npm/lib/utils/locker.js:66:11)
50 verbose stack     at cb (/usr/local/lib/node_modules/npm/lib/install.js:929:5)
50 verbose stack     at /usr/local/lib/node_modules/npm/lib/install.js:933:20
50 verbose stack     at /usr/local/lib/node_modules/npm/lib/utils/locker.js:40:9
50 verbose stack     at cb (/usr/local/lib/node_modules/npm/node_modules/lockfile/lockfile.js:149:38)
50 verbose stack     at /usr/local/lib/node_modules/npm/node_modules/lockfile/lockfile.js:177:38
50 verbose stack     at FSReqWrap.oncomplete (fs.js:99:15)
51 verbose cwd /Users/Dag/Documents/EthicalStore/www/public
52 error Darwin 14.3.0
53 error argv "node" "/usr/local/bin/npm" "install" "-g" "less"
54 error node v0.12.0
55 error npm  v2.5.1
56 error Attempt to unlock /usr/local/lib/node_modules/less, which hasn't been locked
57 error If you need help, you may report this error at:
57 error     <http://github.com/npm/npm/issues>
58 verbose exit [ 1, true ]
